<?xml version="1.0" encoding="UTF-8"?>
<!-- Generated by org.testng.reporters.JUnitReportReporter -->
<testsuite hostname="OZL8061W" failures="0" tests="1" name="UIAutomation.SeleniumFrameworkDesign.ExtentHtmlReporting" time="2.217" errors="0" timestamp="2023-09-29T15:01:46 IST" skipped="0">
  <testcase classname="UIAutomation.SeleniumFrameworkDesign.ExtentHtmlReporting" name="launchApplication" time="2.217"/>
  <system-out/>
</testsuite> <!-- UIAutomation.SeleniumFrameworkDesign.ExtentHtmlReporting -->
