<?xml version="1.0" encoding="UTF-8"?>
<!-- Generated by org.testng.reporters.JUnitReportReporter -->
<testsuite hostname="OZL8061W" failures="0" tests="2" name="UIAutomation.SeleniumFrameworkDesign.ErrorValidations" time="20.597" errors="0" timestamp="2023-10-06T20:01:03 IST" skipped="0">
  <testcase classname="UIAutomation.SeleniumFrameworkDesign.ErrorValidations" name="loginErrors" time="10.419"/>
  <system-out/>
  <testcase classname="UIAutomation.SeleniumFrameworkDesign.ErrorValidations" name="errorValidationsInProductCatalogue" time="10.178"/>
  <system-out/>
</testsuite> <!-- UIAutomation.SeleniumFrameworkDesign.ErrorValidations -->
