<?xml version="1.0" encoding="UTF-8"?>
<!-- Generated by org.testng.reporters.JUnitReportReporter -->
<testsuite hostname="OZL8061W" failures="0" tests="2" name="UIAutomation.SeleniumFrameworkDesign.SubmitOrderTest" time="37.076" errors="0" timestamp="2023-10-06T20:01:03 IST" skipped="0">
  <testcase classname="UIAutomation.SeleniumFrameworkDesign.SubmitOrderTest" name="submitOrders" time="21.459"/>
  <system-out/>
  <testcase classname="UIAutomation.SeleniumFrameworkDesign.SubmitOrderTest" name="submitOrders" time="15.617"/>
  <system-out/>
</testsuite> <!-- UIAutomation.SeleniumFrameworkDesign.SubmitOrderTest -->
