<?xml version="1.0" encoding="UTF-8"?>
<!-- Generated by org.testng.reporters.JUnitReportReporter -->
<testsuite hostname="OZL8061W" failures="0" tests="1" name="UIAutomation.SeleniumFrameworkDesign.StandaloneTest" time="9.607" errors="0" timestamp="2023-09-16T20:54:51 IST" skipped="0">
  <testcase classname="UIAutomation.SeleniumFrameworkDesign.StandaloneTest" name="standAloneTest" time="9.607"/>
  <system-out/>
</testsuite> <!-- UIAutomation.SeleniumFrameworkDesign.StandaloneTest -->
