<?xml version="1.0" encoding="UTF-8"?>
<!-- Generated by org.testng.reporters.JUnitReportReporter -->
<testsuite skipped="0" hostname="OZL8061W" name="UIAutomation.SeleniumFrameworkDesign.SubmitOrderTest" tests="2" failures="0" timestamp="2023-10-12T17:57:05 IST" time="24.290" errors="0">
  <testcase name="submitOrders" time="12.605" classname="UIAutomation.SeleniumFrameworkDesign.SubmitOrderTest"/>
  <system-out/>
  <testcase name="submitOrders" time="11.685" classname="UIAutomation.SeleniumFrameworkDesign.SubmitOrderTest"/>
  <system-out/>
</testsuite> <!-- UIAutomation.SeleniumFrameworkDesign.SubmitOrderTest -->
