<?xml version="1.0" encoding="UTF-8"?>
<!-- Generated by org.testng.reporters.JUnitReportReporter -->
<testsuite skipped="0" hostname="OZL8061W" name="UIAutomation.SeleniumFrameworkDesign.ErrorValidations" tests="2" failures="0" timestamp="2023-10-12T17:57:05 IST" time="12.016" errors="0">
  <testcase name="loginErrors" time="6.020" classname="UIAutomation.SeleniumFrameworkDesign.ErrorValidations"/>
  <system-out/>
  <testcase name="errorValidationsInProductCatalogue" time="5.996" classname="UIAutomation.SeleniumFrameworkDesign.ErrorValidations"/>
  <system-out/>
</testsuite> <!-- UIAutomation.SeleniumFrameworkDesign.ErrorValidations -->
